0 info it worked if it ends with ok
1 verbose cli [ '/usr/local/bin/node', '/usr/local/bin/npm', 'start' ]
2 info using npm@4.0.5
3 info using node@v7.4.0
4 verbose run-script [ 'prestart', 'start', 'poststart' ]
5 info lifecycle extjs-typeahead@1.0.0~prestart: extjs-typeahead@1.0.0
6 silly lifecycle extjs-typeahead@1.0.0~prestart: no script for prestart, continuing
7 info lifecycle extjs-typeahead@1.0.0~start: extjs-typeahead@1.0.0
8 verbose lifecycle extjs-typeahead@1.0.0~start: unsafe-perm in lifecycle true
9 verbose lifecycle extjs-typeahead@1.0.0~start: PATH: /usr/local/lib/node_modules/npm/bin/node-gyp-bin:/Users/nagars/Personal/github/extjs-typeahead/node_modules/.bin:/Users/nagars/bin/Sencha/Cmd/6.1.3.42/..:/usr/local/bin:/usr/bin:/bin:/usr/sbin:/sbin:/Library/Frameworks/Mono.framework/Versions/Current/Commands:/build/apps/bin:/build/toolchain/lin64/jdk-1.8.0_92/bin:/Users/nagars/bin/Sencha/Test/1_0_3_76/stc
10 verbose lifecycle extjs-typeahead@1.0.0~start: CWD: /Users/nagars/Personal/github/extjs-typeahead
11 silly lifecycle extjs-typeahead@1.0.0~start: Args: [ '-c', 'http-server 9876' ]
12 silly lifecycle extjs-typeahead@1.0.0~start: Returned: code: 1  signal: null
13 info lifecycle extjs-typeahead@1.0.0~start: Failed to exec start script
14 verbose stack Error: extjs-typeahead@1.0.0 start: `http-server 9876`
14 verbose stack Exit status 1
14 verbose stack     at EventEmitter.<anonymous> (/usr/local/lib/node_modules/npm/lib/utils/lifecycle.js:279:16)
14 verbose stack     at emitTwo (events.js:106:13)
14 verbose stack     at EventEmitter.emit (events.js:191:7)
14 verbose stack     at ChildProcess.<anonymous> (/usr/local/lib/node_modules/npm/lib/utils/spawn.js:40:14)
14 verbose stack     at emitTwo (events.js:106:13)
14 verbose stack     at ChildProcess.emit (events.js:191:7)
14 verbose stack     at maybeClose (internal/child_process.js:885:16)
14 verbose stack     at Process.ChildProcess._handle.onexit (internal/child_process.js:226:5)
15 verbose pkgid extjs-typeahead@1.0.0
16 verbose cwd /Users/nagars/Personal/github/extjs-typeahead
17 error Darwin 15.6.0
18 error argv "/usr/local/bin/node" "/usr/local/bin/npm" "start"
19 error node v7.4.0
20 error npm  v4.0.5
21 error code ELIFECYCLE
22 error extjs-typeahead@1.0.0 start: `http-server 9876`
22 error Exit status 1
23 error Failed at the extjs-typeahead@1.0.0 start script 'http-server 9876'.
23 error Make sure you have the latest version of node.js and npm installed.
23 error If you do, this is most likely a problem with the extjs-typeahead package,
23 error not with npm itself.
23 error Tell the author that this fails on your system:
23 error     http-server 9876
23 error You can get information on how to open an issue for this project with:
23 error     npm bugs extjs-typeahead
23 error Or if that isn't available, you can get their info via:
23 error     npm owner ls extjs-typeahead
23 error There is likely additional logging output above.
24 verbose exit [ 1, true ]
